This is pdfTeX, Version 3.14159265-2.6-1.40.19 (MiKTeX 2.9.6840 64-bit) (preloaded format=pdflatex 2018.12.23)  23 DEC 2018 21:03
entering extended mode
**./Andre.tex
(Andre.tex
LaTeX2e <2018-04-01> patch level 5
No file Andre.aux.
\openout1 = `Andre.aux'.

LaTeX Font Info:    Checking defaults for OML/cmm/m/it on input line 1.
LaTeX Font Info:    ... okay on input line 1.
LaTeX Font Info:    Checking defaults for T1/cmr/m/n on input line 1.
LaTeX Font Info:    ... okay on input line 1.
LaTeX Font Info:    Checking defaults for OT1/cmr/m/n on input line 1.
LaTeX Font Info:    ... okay on input line 1.
LaTeX Font Info:    Checking defaults for OMS/cmsy/m/n on input line 1.
LaTeX Font Info:    ... okay on input line 1.
LaTeX Font Info:    Checking defaults for OMX/cmex/m/n on input line 1.
LaTeX Font Info:    ... okay on input line 1.
LaTeX Font Info:    Checking defaults for U/cmr/m/n on input line 1.
LaTeX Font Info:    ... okay on input line 1.

! LaTeX Error: The font size command \normalsize is not defined:
               there is probably something wrong with the class file.

See the LaTeX manual or LaTeX Companion for explanation.
Type  H <return>  for immediate help.
 ...                                              
                                                  
l.1 \begin{document}
                    
Your command was ignored.
Type  I <command> <return>  to replace it with another command,
or  <return>  to continue without it.

! Undefined control sequence.
l.2 \chapter
            {Hardware}
The control sequence at the end of the top line
of your error message was never \def'ed. If you have
misspelled it (e.g., `\hobx'), type `I' and the correct
spelling (e.g., `I\hbox'). Otherwise just continue,
and I'll forget about whatever was undefined.

Missing character: There is no H in font nullfont!
Missing character: There is no a in font nullfont!
Missing character: There is no r in font nullfont!
Missing character: There is no d in font nullfont!
Missing character: There is no w in font nullfont!
Missing character: There is no a in font nullfont!
Missing character: There is no r in font nullfont!
Missing character: There is no e in font nullfont!
Missing character: There is no 1 in font nullfont!
Missing character: There is no . in font nullfont!

! Package inputenc Error: Unicode character ç¡¬ (U+786C)
(inputenc)                not set up for use with LaTeX.

See the inputenc package documentation for explanation.
Type  H <return>  for immediate help.
 ...                                              
                                                  
l.5 1.ç¡¬
         ä»¶éƒ¨åˆ†
You may provide a definition with
\DeclareUnicodeCharacter 


! Package inputenc Error: Unicode character ä»¶ (U+4EF6)
(inputenc)                not set up for use with LaTeX.

See the inputenc package documentation for explanation.
Type  H <return>  for immediate help.
 ...                                              
                                                  
l.5 1.ç¡¬ä»¶
            éƒ¨åˆ†
You may provide a definition with
\DeclareUnicodeCharacter 


! Package inputenc Error: Unicode character éƒ¨ (U+90E8)
(inputenc)                not set up for use with LaTeX.

See the inputenc package documentation for explanation.
Type  H <return>  for immediate help.
 ...                                              
                                                  
l.5 1.ç¡¬ä»¶éƒ¨
               åˆ†
You may provide a definition with
\DeclareUnicodeCharacter 


! Package inputenc Error: Unicode character åˆ† (U+5206)
(inputenc)                not set up for use with LaTeX.

See the inputenc package documentation for explanation.
Type  H <return>  for immediate help.
 ...                                              
                                                  
l.5 1.ç¡¬ä»¶éƒ¨åˆ†
                  
You may provide a definition with
\DeclareUnicodeCharacter 


! Package inputenc Error: Unicode character æœ¬ (U+672C)
(inputenc)                not set up for use with LaTeX.

See the inputenc package documentation for explanation.
Type  H <return>  for immediate help.
 ...                                              
                                                  
l.6 æœ¬
       é¡¹ç›®çš„ç¡¬ä»¶ç”µè·¯ç”±å››éƒ¨åˆ†ç»„æˆï¼šç”µæºæ¨¡å—ï¼ŒCANè½¬å‘å™¨...

You may provide a definition with
\DeclareUnicodeCharacter 


! Package inputenc Error: Unicode character é¡¹ (U+9879)
(inputenc)                not set up for use with LaTeX.

See the inputenc package documentation for explanation.
Type  H <return>  for immediate help.
 ...                                              
                                                  
l.6 æœ¬é¡¹
          ç›®çš„ç¡¬ä»¶ç”µè·¯ç”±å››éƒ¨åˆ†ç»„æˆï¼šç”µæºæ¨¡å—ï¼ŒCANè½¬å‘å™¨...

You may provide a definition with
\DeclareUnicodeCharacter 


! Package inputenc Error: Unicode character ç›® (U+76EE)
(inputenc)                not set up for use with LaTeX.

See the inputenc package documentation for explanation.
Type  H <return>  for immediate help.
 ...                                              
                                                  
l.6 æœ¬é¡¹ç›®
             çš„ç¡¬ä»¶ç”µè·¯ç”±å››éƒ¨åˆ†ç»„æˆï¼šç”µæºæ¨¡å—ï¼ŒCANè½¬å‘å™¨...

You may provide a definition with
\DeclareUnicodeCharacter 


! Package inputenc Error: Unicode character çš„ (U+7684)
(inputenc)                not set up for use with LaTeX.

See the inputenc package documentation for explanation.
Type  H <return>  for immediate help.
 ...                                              
                                                  
l.6 æœ¬é¡¹ç›®çš„
                ç¡¬ä»¶ç”µè·¯ç”±å››éƒ¨åˆ†ç»„æˆï¼šç”µæºæ¨¡å—ï¼ŒCANè½¬å‘å™¨...

You may provide a definition with
\DeclareUnicodeCharacter 


! Package inputenc Error: Unicode character ç¡¬ (U+786C)
(inputenc)                not set up for use with LaTeX.

See the inputenc package documentation for explanation.
Type  H <return>  for immediate help.
 ...                                              
                                                  
l.6 æœ¬é¡¹ç›®çš„ç¡¬
                   ä»¶ç”µè·¯ç”±å››éƒ¨åˆ†ç»„æˆï¼šç”µæºæ¨¡å—ï¼ŒCANè½¬å‘å™¨...

You may provide a definition with
\DeclareUnicodeCharacter 


! Package inputenc Error: Unicode character ä»¶ (U+4EF6)
(inputenc)                not set up for use with LaTeX.

See the inputenc package documentation for explanation.
Type  H <return>  for immediate help.
 ...                                              
                                                  
l.6 æœ¬é¡¹ç›®çš„ç¡¬ä»¶
                      ç”µè·¯ç”±å››éƒ¨åˆ†ç»„æˆï¼šç”µæºæ¨¡å—ï¼ŒCANè½¬å‘å™¨...

You may provide a definition with
\DeclareUnicodeCharacter 


! Package inputenc Error: Unicode character ç”µ (U+7535)
(inputenc)                not set up for use with LaTeX.

See the inputenc package documentation for explanation.
Type  H <return>  for immediate help.
 ...                                              
                                                  
l.6 æœ¬é¡¹ç›®çš„ç¡¬ä»¶ç”µ
                         è·¯ç”±å››éƒ¨åˆ†ç»„æˆï¼šç”µæºæ¨¡å—ï¼ŒCANè½¬å‘å™¨...

You may provide a definition with
\DeclareUnicodeCharacter 


! Package inputenc Error: Unicode character è·¯ (U+8DEF)
(inputenc)                not set up for use with LaTeX.

See the inputenc package documentation for explanation.
Type  H <return>  for immediate help.
 ...                                              
                                                  
l.6 æœ¬é¡¹ç›®çš„ç¡¬ä»¶ç”µè·¯
                            ç”±å››éƒ¨åˆ†ç»„æˆï¼šç”µæºæ¨¡å—ï¼ŒCANè½¬å‘å™¨...

You may provide a definition with
\DeclareUnicodeCharacter 


! Package inputenc Error: Unicode character ç”± (U+7531)
(inputenc)                not set up for use with LaTeX.

See the inputenc package documentation for explanation.
Type  H <return>  for immediate help.
 ...                                              
                                                  
l.6 æœ¬é¡¹ç›®çš„ç¡¬ä»¶ç”µè·¯ç”±
                               å››éƒ¨åˆ†ç»„æˆï¼šç”µæºæ¨¡å—ï¼ŒCANè½¬å‘å™¨...

You may provide a definition with
\DeclareUnicodeCharacter 


! Package inputenc Error: Unicode character å›› (U+56DB)
(inputenc)                not set up for use with LaTeX.

See the inputenc package documentation for explanation.
Type  H <return>  for immediate help.
 ...                                              
                                                  
l.6 æœ¬é¡¹ç›®çš„ç¡¬ä»¶ç”µè·¯ç”±å››
                                  éƒ¨åˆ†ç»„æˆï¼šç”µæºæ¨¡å—ï¼ŒCANè½¬å‘å™¨...

You may provide a definition with
\DeclareUnicodeCharacter 


! Package inputenc Error: Unicode character éƒ¨ (U+90E8)
(inputenc)                not set up for use with LaTeX.

See the inputenc package documentation for explanation.
Type  H <return>  for immediate help.
 ...                                              
                                                  
l.6 æœ¬é¡¹ç›®çš„ç¡¬ä»¶ç”µè·¯ç”±å››éƒ¨
                                     åˆ†ç»„æˆï¼šç”µæºæ¨¡å—ï¼ŒCANè½¬å‘å™¨...

You may provide a definition with
\DeclareUnicodeCharacter 


! Package inputenc Error: Unicode character åˆ† (U+5206)
(inputenc)                not set up for use with LaTeX.

See the inputenc package documentation for explanation.
Type  H <return>  for immediate help.
 ...                                              
                                                  
l.6 æœ¬é¡¹ç›®çš„ç¡¬ä»¶ç”µè·¯ç”±å››éƒ¨åˆ†
                                        ç»„æˆï¼šç”µæºæ¨¡å—ï¼ŒCANè½¬å‘å™¨...

You may provide a definition with
\DeclareUnicodeCharacter 


! Package inputenc Error: Unicode character ç»„ (U+7EC4)
(inputenc)                not set up for use with LaTeX.

See the inputenc package documentation for explanation.
Type  H <return>  for immediate help.
 ...                                              
                                                  
l.6 æœ¬é¡¹ç›®çš„ç¡¬ä»¶ç”µè·¯ç”±å››éƒ¨åˆ†ç»„
                                           æˆï¼šç”µæºæ¨¡å—ï¼ŒCANè½¬å‘å™¨...

You may provide a definition with
\DeclareUnicodeCharacter 


! Package inputenc Error: Unicode character æˆ (U+6210)
(inputenc)                not set up for use with LaTeX.

See the inputenc package documentation for explanation.
Type  H <return>  for immediate help.
 ...                                              
                                                  
l.6 æœ¬é¡¹ç›®çš„ç¡¬ä»¶ç”µè·¯ç”±å››éƒ¨åˆ†ç»„æˆ
                                              ï¼šç”µæºæ¨¡å—ï¼ŒCANè½¬å‘å™¨...

You may provide a definition with
\DeclareUnicodeCharacter 


! Package inputenc Error: Unicode character ï¼š (U+FF1A)
(inputenc)                not set up for use with LaTeX.

See the inputenc package documentation for explanation.
Type  H <return>  for immediate help.
 ...                                              
                                                  
l.6 æœ¬é¡¹ç›®çš„ç¡¬ä»¶ç”µè·¯ç”±å››éƒ¨åˆ†ç»„æˆï¼š
                                                 ç”µæºæ¨¡å—ï¼ŒCANè½¬å‘å™¨...

You may provide a definition with
\DeclareUnicodeCharacter 


! Package inputenc Error: Unicode character ç”µ (U+7535)
(inputenc)                not set up for use with LaTeX.

See the inputenc package documentation for explanation.
Type  H <return>  for immediate help.
 ...                                              
                                                  
l.6 ...¹ç›®çš„ç¡¬ä»¶ç”µè·¯ç”±å››éƒ¨åˆ†ç»„æˆï¼šç”µ
                                                  æºæ¨¡å—ï¼ŒCANè½¬å‘å™¨å’...

You may provide a definition with
\DeclareUnicodeCharacter 


! Package inputenc Error: Unicode character æº (U+6E90)
(inputenc)                not set up for use with LaTeX.

See the inputenc package documentation for explanation.
Type  H <return>  for immediate help.
 ...                                              
                                                  
l.6 ...®çš„ç¡¬ä»¶ç”µè·¯ç”±å››éƒ¨åˆ†ç»„æˆï¼šç”µæº
                                                  æ¨¡å—ï¼ŒCANè½¬å‘å™¨å’Œå¾...

You may provide a definition with
\DeclareUnicodeCharacter 


! Package inputenc Error: Unicode character æ¨¡ (U+6A21)
(inputenc)                not set up for use with LaTeX.

See the inputenc package documentation for explanation.
Type  H <return>  for immediate help.
 ...                                              
                                                  
l.6 ...„ç¡¬ä»¶ç”µè·¯ç”±å››éƒ¨åˆ†ç»„æˆï¼šç”µæºæ¨¡
                                                  å—ï¼ŒCANè½¬å‘å™¨å’Œå¾®æ...

You may provide a definition with
\DeclareUnicodeCharacter 


! Package inputenc Error: Unicode character å— (U+5757)
(inputenc)                not set up for use with LaTeX.

See the inputenc package documentation for explanation.
Type  H <return>  for immediate help.
 ...                                              
                                                  
l.6 ...¬ä»¶ç”µè·¯ç”±å››éƒ¨åˆ†ç»„æˆï¼šç”µæºæ¨¡å—
                                                  ï¼ŒCANè½¬å‘å™¨å’Œå¾®æ§åˆ...

You may provide a definition with
\DeclareUnicodeCharacter 


! Package inputenc Error: Unicode character ï¼Œ (U+FF0C)
(inputenc)                not set up for use with LaTeX.

See the inputenc package documentation for explanation.
Type  H <return>  for immediate help.
 ...                                              
                                                  
l.6 ...¶ç”µè·¯ç”±å››éƒ¨åˆ†ç»„æˆï¼šç”µæºæ¨¡å—ï¼Œ
                                                  CANè½¬å‘å™¨å’Œå¾®æ§åˆ¶å™...

You may provide a definition with
\DeclareUnicodeCharacter 

Missing character: There is no C in font nullfont!
Missing character: There is no A in font nullfont!
Missing character: There is no N in font nullfont!

! Package inputenc Error: Unicode character è½¬ (U+8F6C)
(inputenc)                not set up for use with LaTeX.

See the inputenc package documentation for explanation.
Type  H <return>  for immediate help.
 ...                                              
                                                  
l.6 ...¯ç”±å››éƒ¨åˆ†ç»„æˆï¼šç”µæºæ¨¡å—ï¼ŒCANè½¬
                                                  å‘å™¨å’Œå¾®æ§åˆ¶å™¨ã€‚ç”...

You may provide a definition with
\DeclareUnicodeCharacter 


! Package inputenc Error: Unicode character å‘ (U+53D1)
(inputenc)                not set up for use with LaTeX.

See the inputenc package documentation for explanation.
Type  H <return>  for immediate help.
 ...                                              
                                                  
l.6 ...±å››éƒ¨åˆ†ç»„æˆï¼šç”µæºæ¨¡å—ï¼ŒCANè½¬å‘
                                                  å™¨å’Œå¾®æ§åˆ¶å™¨ã€‚ç”µæº...

You may provide a definition with
\DeclareUnicodeCharacter 


! Package inputenc Error: Unicode character å™¨ (U+5668)
(inputenc)                not set up for use with LaTeX.

See the inputenc package documentation for explanation.
Type  H <return>  for immediate help.
 ...                                              
                                                  
l.6 ...›éƒ¨åˆ†ç»„æˆï¼šç”µæºæ¨¡å—ï¼ŒCANè½¬å‘å™¨
                                                  å’Œå¾®æ§åˆ¶å™¨ã€‚ç”µæºæ¨...

You may provide a definition with
\DeclareUnicodeCharacter 


! Package inputenc Error: Unicode character å’Œ (U+548C)
(inputenc)                not set up for use with LaTeX.

See the inputenc package documentation for explanation.
Type  H <return>  for immediate help.
 ...                                              
                                                  
l.6 ...¨åˆ†ç»„æˆï¼šç”µæºæ¨¡å—ï¼ŒCANè½¬å‘å™¨å’Œ
                                                  å¾®æ§åˆ¶å™¨ã€‚ç”µæºæ¨¡å...

You may provide a definition with
\DeclareUnicodeCharacter 


! Package inputenc Error: Unicode character å¾® (U+5FAE)
(inputenc)                not set up for use with LaTeX.

See the inputenc package documentation for explanation.
Type  H <return>  for immediate help.
 ...                                              
                                                  
l.6 ...†ç»„æˆï¼šç”µæºæ¨¡å—ï¼ŒCANè½¬å‘å™¨å’Œå¾®
                                                  æ§åˆ¶å™¨ã€‚ç”µæºæ¨¡å—è´...

You may provide a definition with
\DeclareUnicodeCharacter 


! Package inputenc Error: Unicode character æ§ (U+63A7)
(inputenc)                not set up for use with LaTeX.

See the inputenc package documentation for explanation.
Type  H <return>  for immediate help.
 ...                                              
                                                  
l.6 ...„æˆï¼šç”µæºæ¨¡å—ï¼ŒCANè½¬å‘å™¨å’Œå¾®æ§
                                                  åˆ¶å™¨ã€‚ç”µæºæ¨¡å—è´Ÿè´...

You may provide a definition with
\DeclareUnicodeCharacter 


! Package inputenc Error: Unicode character åˆ¶ (U+5236)
(inputenc)                not set up for use with LaTeX.

See the inputenc package documentation for explanation.
Type  H <return>  for immediate help.
 ...                                              
                                                  
l.6 ...ï¼šç”µæºæ¨¡å—ï¼ŒCANè½¬å‘å™¨å’Œå¾®æ§åˆ¶
                                                  å™¨ã€‚ç”µæºæ¨¡å—è´Ÿè´£ç»...

You may provide a definition with
\DeclareUnicodeCharacter 


! Package inputenc Error: Unicode character å™¨ (U+5668)
(inputenc)                not set up for use with LaTeX.

See the inputenc package documentation for explanation.
Type  H <return>  for immediate help.
 ...                                              
                                                  
l.6 ...šç”µæºæ¨¡å—ï¼ŒCANè½¬å‘å™¨å’Œå¾®æ§åˆ¶å™¨
                                                  ã€‚ç”µæºæ¨¡å—è´Ÿè´£ç»™æ•...

You may provide a definition with
\DeclareUnicodeCharacter 


! Package inputenc Error: Unicode character ã€‚ (U+3002)
(inputenc)                not set up for use with LaTeX.

See the inputenc package documentation for explanation.
Type  H <return>  for immediate help.
 ...                                              
                                                  
l.6 ...µæºæ¨¡å—ï¼ŒCANè½¬å‘å™¨å’Œå¾®æ§åˆ¶å™¨ã€‚
                                                  ç”µæºæ¨¡å—è´Ÿè´£ç»™æ•´ä¸...

You may provide a definition with
\DeclareUnicodeCharacter 


! Package inputenc Error: Unicode character ç”µ (U+7535)
(inputenc)                not set up for use with LaTeX.

See the inputenc package documentation for explanation.
Type  H <return>  for immediate help.
 ...                                              
                                                  
l.6 ...æ¨¡å—ï¼ŒCANè½¬å‘å™¨å’Œå¾®æ§åˆ¶å™¨ã€‚ç”µ
                                                  æºæ¨¡å—è´Ÿè´£ç»™æ•´ä¸ªç¡...

You may provide a definition with
\DeclareUnicodeCharacter 


! Package inputenc Error: Unicode character æº (U+6E90)
(inputenc)                not set up for use with LaTeX.

See the inputenc package documentation for explanation.
Type  H <return>  for immediate help.
 ...                                              
                                                  
l.6 ...¡å—ï¼ŒCANè½¬å‘å™¨å’Œå¾®æ§åˆ¶å™¨ã€‚ç”µæº
                                                  æ¨¡å—è´Ÿè´£ç»™æ•´ä¸ªç¡¬ä»...

You may provide a definition with
\DeclareUnicodeCharacter 


! Package inputenc Error: Unicode character æ¨¡ (U+6A21)
(inputenc)                not set up for use with LaTeX.

See the inputenc package documentation for explanation.
Type  H <return>  for immediate help.
 ...                                              
                                                  
l.6 ...—ï¼ŒCANè½¬å‘å™¨å’Œå¾®æ§åˆ¶å™¨ã€‚ç”µæºæ¨¡
                                                  å—è´Ÿè´£ç»™æ•´ä¸ªç¡¬ä»¶ç”...

You may provide a definition with
\DeclareUnicodeCharacter 


! Package inputenc Error: Unicode character å— (U+5757)
(inputenc)                not set up for use with LaTeX.

See the inputenc package documentation for explanation.
Type  H <return>  for immediate help.
 ...                                              
                                                  
l.6 ...ŒCANè½¬å‘å™¨å’Œå¾®æ§åˆ¶å™¨ã€‚ç”µæºæ¨¡å—
                                                  è´Ÿè´£ç»™æ•´ä¸ªç¡¬ä»¶ç”µè·...

You may provide a definition with
\DeclareUnicodeCharacter 


! Package inputenc Error: Unicode character è´Ÿ (U+8D1F)
(inputenc)                not set up for use with LaTeX.

See the inputenc package documentation for explanation.
Type  H <return>  for immediate help.
 ...                                              
                                                  
l.6 ...Nè½¬å‘å™¨å’Œå¾®æ§åˆ¶å™¨ã€‚ç”µæºæ¨¡å—è´Ÿ
                                                  è´£ç»™æ•´ä¸ªç¡¬ä»¶ç”µè·¯æ¨...

You may provide a definition with
\DeclareUnicodeCharacter 


! Package inputenc Error: Unicode character è´£ (U+8D23)
(inputenc)                not set up for use with LaTeX.

See the inputenc package documentation for explanation.
Type  H <return>  for immediate help.
 ...                                              
                                                  
l.6 ...¬å‘å™¨å’Œå¾®æ§åˆ¶å™¨ã€‚ç”µæºæ¨¡å—è´Ÿè´£
                                                  ç»™æ•´ä¸ªç¡¬ä»¶ç”µè·¯æ¨¡å...

You may provide a definition with
\DeclareUnicodeCharacter 


! Package inputenc Error: Unicode character ç»™ (U+7ED9)
(inputenc)                not set up for use with LaTeX.

See the inputenc package documentation for explanation.
Type  H <return>  for immediate help.
 ...                                              
                                                  
l.6 ...‘å™¨å’Œå¾®æ§åˆ¶å™¨ã€‚ç”µæºæ¨¡å—è´Ÿè´£ç»™
                                                  æ•´ä¸ªç¡¬ä»¶ç”µè·¯æ¨¡å—æ...

You may provide a definition with
\DeclareUnicodeCharacter 


! Package inputenc Error: Unicode character æ•´ (U+6574)
(inputenc)                not set up for use with LaTeX.

See the inputenc package documentation for explanation.
Type  H <return>  for immediate help.
 ...                                              
                                                  
l.6 ...¨å’Œå¾®æ§åˆ¶å™¨ã€‚ç”µæºæ¨¡å—è´Ÿè´£ç»™æ•´
                                                  ä¸ªç¡¬ä»¶ç”µè·¯æ¨¡å—æä¾...

You may provide a definition with
\DeclareUnicodeCharacter 


! Package inputenc Error: Unicode character ä¸ª (U+4E2A)
(inputenc)                not set up for use with LaTeX.

See the inputenc package documentation for explanation.
Type  H <return>  for immediate help.
 ...                                              
                                                  
l.6 ...Œå¾®æ§åˆ¶å™¨ã€‚ç”µæºæ¨¡å—è´Ÿè´£ç»™æ•´ä¸ª
                                                  ç¡¬ä»¶ç”µè·¯æ¨¡å—æä¾›ç›...

You may provide a definition with
\DeclareUnicodeCharacter 


! Package inputenc Error: Unicode character ç¡¬ (U+786C)
(inputenc)                not set up for use with LaTeX.

See the inputenc package documentation for explanation.
Type  H <return>  for immediate help.
 ...                                              
                                                  
l.6 ...®æ§åˆ¶å™¨ã€‚ç”µæºæ¨¡å—è´Ÿè´£ç»™æ•´ä¸ªç¡¬
                                                  ä»¶ç”µè·¯æ¨¡å—æä¾›ç›¸åº...

You may provide a definition with
\DeclareUnicodeCharacter 


! Package inputenc Error: Unicode character ä»¶ (U+4EF6)
(inputenc)                not set up for use with LaTeX.

See the inputenc package documentation for explanation.
Type  H <return>  for immediate help.
 ...                                              
                                                  
l.6 ...§åˆ¶å™¨ã€‚ç”µæºæ¨¡å—è´Ÿè´£ç»™æ•´ä¸ªç¡¬ä»¶
                                                  ç”µè·¯æ¨¡å—æä¾›ç›¸åº”çš...

You may provide a definition with
\DeclareUnicodeCharacter 


! Package inputenc Error: Unicode character ç”µ (U+7535)
(inputenc)                not set up for use with LaTeX.

See the inputenc package documentation for explanation.
Type  H <return>  for immediate help.
 ...                                              
                                                  
l.6 ...¶å™¨ã€‚ç”µæºæ¨¡å—è´Ÿè´£ç»™æ•´ä¸ªç¡¬ä»¶ç”µ
                                                  è·¯æ¨¡å—æä¾›ç›¸åº”çš„ç”...

You may provide a definition with
\DeclareUnicodeCharacter 


! Package inputenc Error: Unicode character è·¯ (U+8DEF)
(inputenc)                not set up for use with LaTeX.

See the inputenc package documentation for explanation.
Type  H <return>  for immediate help.
 ...                                              
                                                  
l.6 ...¨ã€‚ç”µæºæ¨¡å—è´Ÿè´£ç»™æ•´ä¸ªç¡¬ä»¶ç”µè·¯
                                                  æ¨¡å—æä¾›ç›¸åº”çš„ç”µå...

You may provide a definition with
\DeclareUnicodeCharacter 


! Package inputenc Error: Unicode character æ¨¡ (U+6A21)
(inputenc)                not set up for use with LaTeX.

See the inputenc package documentation for explanation.
Type  H <return>  for immediate help.
 ...                                              
                                                  
l.6 ...‚ç”µæºæ¨¡å—è´Ÿè´£ç»™æ•´ä¸ªç¡¬ä»¶ç”µè·¯æ¨¡
                                                  å—æä¾›ç›¸åº”çš„ç”µå‹ã€...

You may provide a definition with
\DeclareUnicodeCharacter 


! Package inputenc Error: Unicode character å— (U+5757)
(inputenc)                not set up for use with LaTeX.

See the inputenc package documentation for explanation.
Type  H <return>  for immediate help.
 ...                                              
                                                  
l.6 ...µæºæ¨¡å—è´Ÿè´£ç»™æ•´ä¸ªç¡¬ä»¶ç”µè·¯æ¨¡å—
                                                  æä¾›ç›¸åº”çš„ç”µå‹ã€‚CA...

You may provide a definition with
\DeclareUnicodeCharacter 


! Package inputenc Error: Unicode character æ (U+63D0)
(inputenc)                not set up for use with LaTeX.

See the inputenc package documentation for explanation.
Type  H <return>  for immediate help.
 ...                                              
                                                  
l.6 ...æ¨¡å—è´Ÿè´£ç»™æ•´ä¸ªç¡¬ä»¶ç”µè·¯æ¨¡å—æ
                                                  ä¾›ç›¸åº”çš„ç”µå‹ã€‚CANè½...

You may provide a definition with
\DeclareUnicodeCharacter 


! Package inputenc Error: Unicode character ä¾› (U+4F9B)
(inputenc)                not set up for use with LaTeX.

See the inputenc package documentation for explanation.
Type  H <return>  for immediate help.
 ...                                              
                                                  
l.6 ...¡å—è´Ÿè´£ç»™æ•´ä¸ªç¡¬ä»¶ç”µè·¯æ¨¡å—æä¾›
                                                  ç›¸åº”çš„ç”µå‹ã€‚CANè½¬å...

You may provide a definition with
\DeclareUnicodeCharacter 


! Package inputenc Error: Unicode character ç›¸ (U+76F8)
(inputenc)                not set up for use with LaTeX.

See the inputenc package documentation for explanation.
Type  H <return>  for immediate help.
 ...                                              
                                                  
l.6 ...—è´Ÿè´£ç»™æ•´ä¸ªç¡¬ä»¶ç”µè·¯æ¨¡å—æä¾›ç›¸
                                                  åº”çš„ç”µå‹ã€‚CANè½¬å‘å™...

You may provide a definition with
\DeclareUnicodeCharacter 


! Package inputenc Error: Unicode character åº” (U+5E94)
(inputenc)                not set up for use with LaTeX.

See the inputenc package documentation for explanation.
Type  H <return>  for immediate help.
 ...                                              
                                                  
l.6 ...Ÿè´£ç»™æ•´ä¸ªç¡¬ä»¶ç”µè·¯æ¨¡å—æä¾›ç›¸åº”
                                                  çš„ç”µå‹ã€‚CANè½¬å‘å™¨ä½...

You may provide a definition with
\DeclareUnicodeCharacter 


! Package inputenc Error: Unicode character çš„ (U+7684)
(inputenc)                not set up for use with LaTeX.

See the inputenc package documentation for explanation.
Type  H <return>  for immediate help.
 ...                                              
                                                  
l.6 ...£ç»™æ•´ä¸ªç¡¬ä»¶ç”µè·¯æ¨¡å—æä¾›ç›¸åº”çš„
                                                  ç”µå‹ã€‚CANè½¬å‘å™¨ä½œä¸...

You may provide a definition with
\DeclareUnicodeCharacter 


! Package inputenc Error: Unicode character ç”µ (U+7535)
(inputenc)                not set up for use with LaTeX.

See the inputenc package documentation for explanation.
Type  H <return>  for immediate help.
 ...                                              
                                                  
l.6 ...™æ•´ä¸ªç¡¬ä»¶ç”µè·¯æ¨¡å—æä¾›ç›¸åº”çš„ç”µ
                                                  å‹ã€‚CANè½¬å‘å™¨ä½œä¸ºç‰...

You may provide a definition with
\DeclareUnicodeCharacter 


! Package inputenc Error: Unicode character å‹ (U+538B)
(inputenc)                not set up for use with LaTeX.

See the inputenc package documentation for explanation.
Type  H <return>  for immediate help.
 ...                                              
                                                  
l.6 ...´ä¸ªç¡¬ä»¶ç”µè·¯æ¨¡å—æä¾›ç›¸åº”çš„ç”µå‹
                                                  ã€‚CANè½¬å‘å™¨ä½œä¸ºç‰©ç...

You may provide a definition with
\DeclareUnicodeCharacter 


! Package inputenc Error: Unicode character ã€‚ (U+3002)
(inputenc)                not set up for use with LaTeX.

See the inputenc package documentation for explanation.
Type  H <return>  for immediate help.
 ...                                              
                                                  
l.6 ...ªç¡¬ä»¶ç”µè·¯æ¨¡å—æä¾›ç›¸åº”çš„ç”µå‹ã€‚
                                                  CANè½¬å‘å™¨ä½œä¸ºç‰©ç†å±...

You may provide a definition with
\DeclareUnicodeCharacter 

Missing character: There is no C in font nullfont!
Missing character: There is no A in font nullfont!
Missing character: There is no N in font nullfont!

! Package inputenc Error: Unicode character è½¬ (U+8F6C)
(inputenc)                not set up for use with LaTeX.

See the inputenc package documentation for explanation.
Type  H <return>  for immediate help.
 ...                                              
                                                  
l.6 ...¶ç”µè·¯æ¨¡å—æä¾›ç›¸åº”çš„ç”µå‹ã€‚CANè½¬
                                                  å‘å™¨ä½œä¸ºç‰©ç†å±‚æ¥å...

You may provide a definition with
\DeclareUnicodeCharacter 


! Package inputenc Error: Unicode character å‘ (U+53D1)
(inputenc)                not set up for use with LaTeX.

See the inputenc package documentation for explanation.
Type  H <return>  for immediate help.
 ...                                              
                                                  
l.6 ...µè·¯æ¨¡å—æä¾›ç›¸åº”çš„ç”µå‹ã€‚CANè½¬å‘
                                                  å™¨ä½œä¸ºç‰©ç†å±‚æ¥å£å’...

You may provide a definition with
\DeclareUnicodeCharacter 


! Package inputenc Error: Unicode character å™¨ (U+5668)
(inputenc)                not set up for use with LaTeX.

See the inputenc package documentation for explanation.
Type  H <return>  for immediate help.
 ...                                              
                                                  
l.6 ...¯æ¨¡å—æä¾›ç›¸åº”çš„ç”µå‹ã€‚CANè½¬å‘å™¨
                                                  ä½œä¸ºç‰©ç†å±‚æ¥å£å’Œå¾...

You may provide a definition with
\DeclareUnicodeCharacter 


! Package inputenc Error: Unicode character ä½œ (U+4F5C)
(inputenc)                not set up for use with LaTeX.

See the inputenc package documentation for explanation.
Type  H <return>  for immediate help.
 ...                                              
                                                  
l.6 ...¡å—æä¾›ç›¸åº”çš„ç”µå‹ã€‚CANè½¬å‘å™¨ä½œ
                                                  ä¸ºç‰©ç†å±‚æ¥å£å’Œå¾®æ...

You may provide a definition with
\DeclareUnicodeCharacter 


! Package inputenc Error: Unicode character ä¸º (U+4E3A)
(inputenc)                not set up for use with LaTeX.

See the inputenc package documentation for explanation.
Type  H <return>  for immediate help.
 ...                                              
                                                  
l.6 ...—æä¾›ç›¸åº”çš„ç”µå‹ã€‚CANè½¬å‘å™¨ä½œä¸º
                                                  ç‰©ç†å±‚æ¥å£å’Œå¾®æ§åˆ...

You may provide a definition with
\DeclareUnicodeCharacter 


! Package inputenc Error: Unicode character ç‰© (U+7269)
(inputenc)                not set up for use with LaTeX.

See the inputenc package documentation for explanation.
Type  H <return>  for immediate help.
 ...                                              
                                                  
l.6 ...ä¾›ç›¸åº”çš„ç”µå‹ã€‚CANè½¬å‘å™¨ä½œä¸ºç‰©
                                                  ç†å±‚æ¥å£å’Œå¾®æ§åˆ¶å™...

You may provide a definition with
\DeclareUnicodeCharacter 


! Package inputenc Error: Unicode character ç† (U+7406)
(inputenc)                not set up for use with LaTeX.

See the inputenc package documentation for explanation.
Type  H <return>  for immediate help.
 ...                                              
                                                  
l.6 ...›ç›¸åº”çš„ç”µå‹ã€‚CANè½¬å‘å™¨ä½œä¸ºç‰©ç†
                                                  å±‚æ¥å£å’Œå¾®æ§åˆ¶å™¨ä¹...

You may provide a definition with
\DeclareUnicodeCharacter 


! Package inputenc Error: Unicode character å±‚ (U+5C42)
(inputenc)                not set up for use with LaTeX.

See the inputenc package documentation for explanation.
Type  H <return>  for immediate help.
 ...                                              
                                                  
l.6 ...¸åº”çš„ç”µå‹ã€‚CANè½¬å‘å™¨ä½œä¸ºç‰©ç†å±‚
                                                  æ¥å£å’Œå¾®æ§åˆ¶å™¨ä¹‹é—...

You may provide a definition with
\DeclareUnicodeCharacter 


! Package inputenc Error: Unicode character æ¥ (U+63A5)
(inputenc)                not set up for use with LaTeX.

See the inputenc package documentation for explanation.
Type  H <return>  for immediate help.
 ...                                              
                                                  
l.6 ...”çš„ç”µå‹ã€‚CANè½¬å‘å™¨ä½œä¸ºç‰©ç†å±‚æ¥
                                                  å£å’Œå¾®æ§åˆ¶å™¨ä¹‹é—´çš...

You may provide a definition with
\DeclareUnicodeCharacter 


! Package inputenc Error: Unicode character å£ (U+53E3)
(inputenc)                not set up for use with LaTeX.

See the inputenc package documentation for explanation.
Type  H <return>  for immediate help.
 ...                                              
                                                  
l.6 ...„ç”µå‹ã€‚CANè½¬å‘å™¨ä½œä¸ºç‰©ç†å±‚æ¥å£
                                                  å’Œå¾®æ§åˆ¶å™¨ä¹‹é—´çš„è½...

You may provide a definition with
\DeclareUnicodeCharacter 


! Package inputenc Error: Unicode character å’Œ (U+548C)
(inputenc)                not set up for use with LaTeX.

See the inputenc package documentation for explanation.
Type  H <return>  for immediate help.
 ...                                              
                                                  
l.6 ...µå‹ã€‚CANè½¬å‘å™¨ä½œä¸ºç‰©ç†å±‚æ¥å£å’Œ
                                                  å¾®æ§åˆ¶å™¨ä¹‹é—´çš„è½¬æ...

You may provide a definition with
\DeclareUnicodeCharacter 


! Package inputenc Error: Unicode character å¾® (U+5FAE)
(inputenc)                not set up for use with LaTeX.

See the inputenc package documentation for explanation.
Type  H <return>  for immediate help.
 ...                                              
                                                  
l.6 ...‹ã€‚CANè½¬å‘å™¨ä½œä¸ºç‰©ç†å±‚æ¥å£å’Œå¾®
                                                  æ§åˆ¶å™¨ä¹‹é—´çš„è½¬æ¢å™...

You may provide a definition with
\DeclareUnicodeCharacter 


! Package inputenc Error: Unicode character æ§ (U+63A7)
(inputenc)                not set up for use with LaTeX.

See the inputenc package documentation for explanation.
Type  H <return>  for immediate help.
 ...                                              
                                                  
l.6 ...‚CANè½¬å‘å™¨ä½œä¸ºç‰©ç†å±‚æ¥å£å’Œå¾®æ§
                                                  åˆ¶å™¨ä¹‹é—´çš„è½¬æ¢å™¨ã€...

You may provide a definition with
\DeclareUnicodeCharacter 


! Package inputenc Error: Unicode character åˆ¶ (U+5236)
(inputenc)                not set up for use with LaTeX.

See the inputenc package documentation for explanation.
Type  H <return>  for immediate help.
 ...                                              
                                                  
l.6 ...Nè½¬å‘å™¨ä½œä¸ºç‰©ç†å±‚æ¥å£å’Œå¾®æ§åˆ¶
                                                  å™¨ä¹‹é—´çš„è½¬æ¢å™¨ã€‚å¾...

You may provide a definition with
\DeclareUnicodeCharacter 


! Package inputenc Error: Unicode character å™¨ (U+5668)
(inputenc)                not set up for use with LaTeX.

See the inputenc package documentation for explanation.
Type  H <return>  for immediate help.
 ...                                              
                                                  
l.6 ...¬å‘å™¨ä½œä¸ºç‰©ç†å±‚æ¥å£å’Œå¾®æ§åˆ¶å™¨
                                                  ä¹‹é—´çš„è½¬æ¢å™¨ã€‚å¾®æ...

You may provide a definition with
\DeclareUnicodeCharacter 


! Package inputenc Error: Unicode character ä¹‹ (U+4E4B)
(inputenc)                not set up for use with LaTeX.

See the inputenc package documentation for explanation.
Type  H <return>  for immediate help.
 ...                                              
                                                  
l.6 ...‘å™¨ä½œä¸ºç‰©ç†å±‚æ¥å£å’Œå¾®æ§åˆ¶å™¨ä¹‹
                                                  é—´çš„è½¬æ¢å™¨ã€‚å¾®æ§åˆ...

You may provide a definition with
\DeclareUnicodeCharacter 


! Package inputenc Error: Unicode character é—´ (U+95F4)
(inputenc)                not set up for use with LaTeX.

See the inputenc package documentation for explanation.
Type  H <return>  for immediate help.
 ...                                              
                                                  
l.6 ...¨ä½œä¸ºç‰©ç†å±‚æ¥å£å’Œå¾®æ§åˆ¶å™¨ä¹‹é—´
                                                  çš„è½¬æ¢å™¨ã€‚å¾®æ§åˆ¶å™...

You may provide a definition with
\DeclareUnicodeCharacter 


! Package inputenc Error: Unicode character çš„ (U+7684)
(inputenc)                not set up for use with LaTeX.

See the inputenc package documentation for explanation.
Type  H <return>  for immediate help.
 ...                                              
                                                  
l.6 ...œä¸ºç‰©ç†å±‚æ¥å£å’Œå¾®æ§åˆ¶å™¨ä¹‹é—´çš„
                                                  è½¬æ¢å™¨ã€‚å¾®æ§åˆ¶å™¨è´...

You may provide a definition with
\DeclareUnicodeCharacter 


! Package inputenc Error: Unicode character è½¬ (U+8F6C)
(inputenc)                not set up for use with LaTeX.

See the inputenc package documentation for explanation.
Type  H <return>  for immediate help.
 ...                                              
                                                  
l.6 ...ºç‰©ç†å±‚æ¥å£å’Œå¾®æ§åˆ¶å™¨ä¹‹é—´çš„è½¬
                                                  æ¢å™¨ã€‚å¾®æ§åˆ¶å™¨è´Ÿè´...

You may provide a definition with
\DeclareUnicodeCharacter 


! Package inputenc Error: Unicode character æ¢ (U+6362)
(inputenc)                not set up for use with LaTeX.

See the inputenc package documentation for explanation.
Type  H <return>  for immediate help.
 ...                                              
                                                  
l.6 ...©ç†å±‚æ¥å£å’Œå¾®æ§åˆ¶å™¨ä¹‹é—´çš„è½¬æ¢
                                                  å™¨ã€‚å¾®æ§åˆ¶å™¨è´Ÿè´£æ...

You may provide a definition with
\DeclareUnicodeCharacter 


! Package inputenc Error: Unicode character å™¨ (U+5668)
(inputenc)                not set up for use with LaTeX.

See the inputenc package documentation for explanation.
Type  H <return>  for immediate help.
 ...                                              
                                                  
l.6 ...†å±‚æ¥å£å’Œå¾®æ§åˆ¶å™¨ä¹‹é—´çš„è½¬æ¢å™¨
                                                  ã€‚å¾®æ§åˆ¶å™¨è´Ÿè´£æ¥æ”...

You may provide a definition with
\DeclareUnicodeCharacter 


! Package inputenc Error: Unicode character ã€‚ (U+3002)
(inputenc)                not set up for use with LaTeX.

See the inputenc package documentation for explanation.
Type  H <return>  for immediate help.
 ...                                              
                                                  
l.6 ...‚æ¥å£å’Œå¾®æ§åˆ¶å™¨ä¹‹é—´çš„è½¬æ¢å™¨ã€‚
                                                  å¾®æ§åˆ¶å™¨è´Ÿè´£æ¥æ”¶ä»...

You may provide a definition with
\DeclareUnicodeCharacter 


! Package inputenc Error: Unicode character å¾® (U+5FAE)
(inputenc)                not set up for use with LaTeX.

See the inputenc package documentation for explanation.
Type  H <return>  for immediate help.
 ...                                              
                                                  
l.6 ...¥å£å’Œå¾®æ§åˆ¶å™¨ä¹‹é—´çš„è½¬æ¢å™¨ã€‚å¾®
                                                  æ§åˆ¶å™¨è´Ÿè´£æ¥æ”¶ä»CA...

You may provide a definition with
\DeclareUnicodeCharacter 


! Package inputenc Error: Unicode character æ§ (U+63A7)
(inputenc)                not set up for use with LaTeX.

See the inputenc package documentation for explanation.
Type  H <return>  for immediate help.
 ...                                              
                                                  
l.6 ...£å’Œå¾®æ§åˆ¶å™¨ä¹‹é—´çš„è½¬æ¢å™¨ã€‚å¾®æ§
                                                  åˆ¶å™¨è´Ÿè´£æ¥æ”¶ä»CANæ€...

You may provide a definition with
\DeclareUnicodeCharacter 


! Package inputenc Error: Unicode character åˆ¶ (U+5236)
(inputenc)                not set up for use with LaTeX.

See the inputenc package documentation for explanation.
Type  H <return>  for immediate help.
 ...                                              
                                                  
l.6 ...Œå¾®æ§åˆ¶å™¨ä¹‹é—´çš„è½¬æ¢å™¨ã€‚å¾®æ§åˆ¶
                                                  å™¨è´Ÿè´£æ¥æ”¶ä»CANæ€»çº...

You may provide a definition with
\DeclareUnicodeCharacter 


! Package inputenc Error: Unicode character å™¨ (U+5668)
(inputenc)                not set up for use with LaTeX.

See the inputenc package documentation for explanation.
Type  H <return>  for immediate help.
 ...                                              
                                                  
l.6 ...®æ§åˆ¶å™¨ä¹‹é—´çš„è½¬æ¢å™¨ã€‚å¾®æ§åˆ¶å™¨
                                                  è´Ÿè´£æ¥æ”¶ä»CANæ€»çº¿ä¸...

You may provide a definition with
\DeclareUnicodeCharacter 


! Package inputenc Error: Unicode character è´Ÿ (U+8D1F)
(inputenc)                not set up for use with LaTeX.

See the inputenc package documentation for explanation.
Type  H <return>  for immediate help.
 ...                                              
                                                  
l.6 ...§åˆ¶å™¨ä¹‹é—´çš„è½¬æ¢å™¨ã€‚å¾®æ§åˆ¶å™¨è´Ÿ
                                                  è´£æ¥æ”¶ä»CANæ€»çº¿ä¸Šæ...

You may provide a definition with
\DeclareUnicodeCharacter 


! Package inputenc Error: Unicode character è´£ (U+8D23)
(inputenc)                not set up for use with LaTeX.

See the inputenc package documentation for explanation.
Type  H <return>  for immediate help.
 ...                                              
                                                  
l.6 ...¶å™¨ä¹‹é—´çš„è½¬æ¢å™¨ã€‚å¾®æ§åˆ¶å™¨è´Ÿè´£
                                                  æ¥æ”¶ä»CANæ€»çº¿ä¸Šæ¥æ”...

You may provide a definition with
\DeclareUnicodeCharacter 


! Package inputenc Error: Unicode character æ¥ (U+63A5)
(inputenc)                not set up for use with LaTeX.

See the inputenc package documentation for explanation.
Type  H <return>  for immediate help.
 ...                                              
                                                  
l.6 ...¨ä¹‹é—´çš„è½¬æ¢å™¨ã€‚å¾®æ§åˆ¶å™¨è´Ÿè´£æ¥
                                                  æ”¶ä»CANæ€»çº¿ä¸Šæ¥æ”¶çš...

You may provide a definition with
\DeclareUnicodeCharacter 


! Package inputenc Error: Unicode character æ”¶ (U+6536)
(inputenc)                not set up for use with LaTeX.

See the inputenc package documentation for explanation.
Type  H <return>  for immediate help.
 ...                                              
                                                  
l.6 ...‹é—´çš„è½¬æ¢å™¨ã€‚å¾®æ§åˆ¶å™¨è´Ÿè´£æ¥æ”¶
                                                  ä»CANæ€»çº¿ä¸Šæ¥æ”¶çš„æ¶...

You may provide a definition with
\DeclareUnicodeCharacter 


! Package inputenc Error: Unicode character ä» (U+4ECE)
(inputenc)                not set up for use with LaTeX.

See the inputenc package documentation for explanation.
Type  H <return>  for immediate help.
 ...                                              
                                                  
l.6 ...´çš„è½¬æ¢å™¨ã€‚å¾®æ§åˆ¶å™¨è´Ÿè´£æ¥æ”¶ä»
                                                  CANæ€»çº¿ä¸Šæ¥æ”¶çš„æ¶ˆæ...

You may provide a definition with
\DeclareUnicodeCharacter 

Missing character: There is no C in font nullfont!
Missing character: There is no A in font nullfont!
Missing character: There is no N in font nullfont!

! Package inputenc Error: Unicode character æ€» (U+603B)
(inputenc)                not set up for use with LaTeX.

See the inputenc package documentation for explanation.
Type  H <return>  for immediate help.
 ...                                              
                                                  
l.6 ...¬æ¢å™¨ã€‚å¾®æ§åˆ¶å™¨è´Ÿè´£æ¥æ”¶ä»CANæ€»
                                                  çº¿ä¸Šæ¥æ”¶çš„æ¶ˆæ¯çš„è§...

You may provide a definition with
\DeclareUnicodeCharacter 


! Package inputenc Error: Unicode character çº¿ (U+7EBF)
(inputenc)                not set up for use with LaTeX.

See the inputenc package documentation for explanation.
Type  H <return>  for immediate help.
 ...                                              
                                                  
l.6 ...¢å™¨ã€‚å¾®æ§åˆ¶å™¨è´Ÿè´£æ¥æ”¶ä»CANæ€»çº¿
                                                  ä¸Šæ¥æ”¶çš„æ¶ˆæ¯çš„è§£ç ...

You may provide a definition with
\DeclareUnicodeCharacter 


! Package inputenc Error: Unicode character ä¸Š (U+4E0A)
(inputenc)                not set up for use with LaTeX.

See the inputenc package documentation for explanation.
Type  H <return>  for immediate help.
 ...                                              
                                                  
l.6 ...¨ã€‚å¾®æ§åˆ¶å™¨è´Ÿè´£æ¥æ”¶ä»CANæ€»çº¿ä¸Š
                                                  æ¥æ”¶çš„æ¶ˆæ¯çš„è§£ç å’...

You may provide a definition with
\DeclareUnicodeCharacter 


! Package inputenc Error: Unicode character æ¥ (U+63A5)
(inputenc)                not set up for use with LaTeX.

See the inputenc package documentation for explanation.
Type  H <return>  for immediate help.
 ...                                              
                                                  
l.6 ...‚å¾®æ§åˆ¶å™¨è´Ÿè´£æ¥æ”¶ä»CANæ€»çº¿ä¸Šæ¥
                                                  æ”¶çš„æ¶ˆæ¯çš„è§£ç å’ŒLE...

You may provide a definition with
\DeclareUnicodeCharacter 


! Package inputenc Error: Unicode character æ”¶ (U+6536)
(inputenc)                not set up for use with LaTeX.

See the inputenc package documentation for explanation.
Type  H <return>  for immediate help.
 ...                                              
                                                  
l.6 ...®æ§åˆ¶å™¨è´Ÿè´£æ¥æ”¶ä»CANæ€»çº¿ä¸Šæ¥æ”¶
                                                  çš„æ¶ˆæ¯çš„è§£ç å’ŒLEDç...

You may provide a definition with
\DeclareUnicodeCharacter 


! Package inputenc Error: Unicode character çš„ (U+7684)
(inputenc)                not set up for use with LaTeX.

See the inputenc package documentation for explanation.
Type  H <return>  for immediate help.
 ...                                              
                                                  
l.6 ...§åˆ¶å™¨è´Ÿè´£æ¥æ”¶ä»CANæ€»çº¿ä¸Šæ¥æ”¶çš„
                                                  æ¶ˆæ¯çš„è§£ç å’ŒLEDç¯å¸...

You may provide a definition with
\DeclareUnicodeCharacter 


! Package inputenc Error: Unicode character æ¶ˆ (U+6D88)
(inputenc)                not set up for use with LaTeX.

See the inputenc package documentation for explanation.
Type  H <return>  for immediate help.
 ...                                              
                                                  
l.6 ...¶å™¨è´Ÿè´£æ¥æ”¶ä»CANæ€»çº¿ä¸Šæ¥æ”¶çš„æ¶ˆ
                                                  æ¯çš„è§£ç å’ŒLEDç¯å¸¦çš...

You may provide a definition with
\DeclareUnicodeCharacter 


! Package inputenc Error: Unicode character æ¯ (U+606F)
(inputenc)                not set up for use with LaTeX.

See the inputenc package documentation for explanation.
Type  H <return>  for immediate help.
 ...                                              
                                                  
l.6 ...¨è´Ÿè´£æ¥æ”¶ä»CANæ€»çº¿ä¸Šæ¥æ”¶çš„æ¶ˆæ¯
                                                  çš„è§£ç å’ŒLEDç¯å¸¦çš„æ...

You may provide a definition with
\DeclareUnicodeCharacter 


! Package inputenc Error: Unicode character çš„ (U+7684)
(inputenc)                not set up for use with LaTeX.

See the inputenc package documentation for explanation.
Type  H <return>  for immediate help.
 ...                                              
                                                  
l.6 ...Ÿè´£æ¥æ”¶ä»CANæ€»çº¿ä¸Šæ¥æ”¶çš„æ¶ˆæ¯çš„
                                                  è§£ç å’ŒLEDç¯å¸¦çš„æ§åˆ...

You may provide a definition with
\DeclareUnicodeCharacter 


! Package inputenc Error: Unicode character è§£ (U+89E3)
(inputenc)                not set up for use with LaTeX.

See the inputenc package documentation for explanation.
Type  H <return>  for immediate help.
 ...                                              
                                                  
l.6 ...£æ¥æ”¶ä»CANæ€»çº¿ä¸Šæ¥æ”¶çš„æ¶ˆæ¯çš„è§£
                                                  ç å’ŒLEDç¯å¸¦çš„æ§åˆ¶ã€‚
You may provide a definition with
\DeclareUnicodeCharacter 


! Package inputenc Error: Unicode character ç  (U+7801)
(inputenc)                not set up for use with LaTeX.

See the inputenc package documentation for explanation.
Type  H <return>  for immediate help.
 ...                                              
                                                  
l.6 ...¥æ”¶ä»CANæ€»çº¿ä¸Šæ¥æ”¶çš„æ¶ˆæ¯çš„è§£ç 
                                                  å’ŒLEDç¯å¸¦çš„æ§åˆ¶ã€‚
You may provide a definition with
\DeclareUnicodeCharacter 


! Package inputenc Error: Unicode character å’Œ (U+548C)
(inputenc)                not set up for use with LaTeX.

See the inputenc package documentation for explanation.
Type  H <return>  for immediate help.
 ...                                              
                                                  
l.6 ...¶ä»CANæ€»çº¿ä¸Šæ¥æ”¶çš„æ¶ˆæ¯çš„è§£ç å’Œ
                                                  LEDç¯å¸¦çš„æ§åˆ¶ã€‚
You may provide a definition with
\DeclareUnicodeCharacter 

Missing character: There is no L in font nullfont!
Missing character: There is no E in font nullfont!
Missing character: There is no D in font nullfont!

! Package inputenc Error: Unicode character ç¯ (U+706F)
(inputenc)                not set up for use with LaTeX.

See the inputenc package documentation for explanation.
Type  H <return>  for immediate help.
 ...                                              
                                                  
l.6 ...Næ€»çº¿ä¸Šæ¥æ”¶çš„æ¶ˆæ¯çš„è§£ç å’ŒLEDç¯
                                                  å¸¦çš„æ§åˆ¶ã€‚
(That makes 100 errors; please try again.) 
Here is how much of TeX's memory you used:
 65 strings out of 492970
 762 string characters out of 3139829
 56180 words of memory out of 3000000
 4037 multiletter control sequences out of 15000+200000
 3640 words of font info for 14 fonts, out of 3000000 for 9000
 1141 hyphenation exceptions out of 8191
 11i,0n,11p,336b,28s stack positions out of 5000i,500n,10000p,200000b,50000s

!  ==> Fatal error occurred, no output PDF file produced!
